c:\users\florian\source\repos\exif_bearbeiten\exif_bearbeiten\x64\debug\vc143.pdb
c:\users\florian\source\repos\exif_bearbeiten\exif_bearbeiten\x64\debug\vc143.idb
c:\users\florian\source\repos\exif_bearbeiten\exif_bearbeiten\x64\debug\main.obj
c:\users\florian\source\repos\exif_bearbeiten\exif_bearbeiten\x64\debug\consolemenue.obj
c:\users\florian\source\repos\exif_bearbeiten\exif_bearbeiten\x64\debug\auslesen_schreiben.obj
c:\users\florian\source\repos\exif_bearbeiten\x64\debug\exiv2.dll
c:\users\florian\source\repos\exif_bearbeiten\x64\debug\exif_bearbeiten.exe
c:\users\florian\source\repos\exif_bearbeiten\x64\debug\exif_bearbeiten.pdb
c:\users\florian\source\repos\exif_bearbeiten\exif_bearbeiten\x64\debug\exif_bearbeiten.ilk
c:\users\tim-z\source\repos\exif_bearbeiten\exif_bearbeiten\x64\debug\auslesen_schreiben.obj
c:\users\tim-z\source\repos\exif_bearbeiten\exif_bearbeiten\x64\debug\consolemenue.obj
c:\users\tim-z\source\repos\exif_bearbeiten\exif_bearbeiten\x64\debug\main.obj
c:\users\tim-z\source\repos\exif_bearbeiten\exif_bearbeiten\x64\debug\exif_bearbeiten.ilk
c:\users\tim-z\source\repos\exif_bearbeiten\exif_bearbeiten\x64\debug\vc143.idb
c:\users\tim-z\source\repos\exif_bearbeiten\exif_bearbeiten\x64\debug\vc143.pdb
c:\users\tim-z\source\repos\exif_bearbeiten\x64\debug\exif_bearbeiten.pdb
c:\users\tim-z\source\repos\exif_bearbeiten\x64\debug\exif_bearbeiten.exe
c:\users\tim-z\source\repos\exif_bearbeiten\exif_bearbeiten\x64\debug\exif_bearbeiten.tlog\cl.command.1.tlog
c:\users\tim-z\source\repos\exif_bearbeiten\exif_bearbeiten\x64\debug\exif_bearbeiten.tlog\cl.items.tlog
c:\users\tim-z\source\repos\exif_bearbeiten\exif_bearbeiten\x64\debug\exif_bearbeiten.tlog\cl.read.1.tlog
c:\users\tim-z\source\repos\exif_bearbeiten\exif_bearbeiten\x64\debug\exif_bearbeiten.tlog\cl.write.1.tlog
c:\users\tim-z\source\repos\exif_bearbeiten\exif_bearbeiten\x64\debug\exif_bearbeiten.tlog\exif_bearbeiten.write.1u.tlog
c:\users\tim-z\source\repos\exif_bearbeiten\exif_bearbeiten\x64\debug\exif_bearbeiten.tlog\link.command.1.tlog
c:\users\tim-z\source\repos\exif_bearbeiten\exif_bearbeiten\x64\debug\exif_bearbeiten.tlog\link.read.1.tlog
c:\users\tim-z\source\repos\exif_bearbeiten\exif_bearbeiten\x64\debug\exif_bearbeiten.tlog\link.secondary.1.tlog
c:\users\tim-z\source\repos\exif_bearbeiten\exif_bearbeiten\x64\debug\exif_bearbeiten.tlog\link.write.1.tlog
